Initialising...
Starting CloudSim version 3.0
Datacenter_Montage is starting...
Starting WorkflowSim 1.1.0
planner_Montage is starting...
planner_Montage_Merger_ is starting...
planner_Montage_Merger__Engine_0 is starting...
planner_Montage_Merger__Engine_0_Scheduler_0 is starting...
Entities started.
0.0: planner_Montage_Merger__Engine_0_Scheduler_0: Cloud Resource List received with 1 resource(s)
0.0: planner_Montage_Merger__Engine_0_Scheduler_0: Trying to Create VM #0 in Datacenter_Montage
0.0: planner_Montage_Merger__Engine_0_Scheduler_0: Trying to Create VM #1 in Datacenter_Montage
0.0: planner_Montage_Merger__Engine_0_Scheduler_0: Trying to Create VM #2 in Datacenter_Montage
0.0: planner_Montage_Merger__Engine_0_Scheduler_0: Trying to Create VM #3 in Datacenter_Montage
0.0: planner_Montage_Merger__Engine_0_Scheduler_0: Trying to Create VM #4 in Datacenter_Montage
0.0: planner_Montage_Merger__Engine_0_Scheduler_0: Trying to Create VM #5 in Datacenter_Montage
0.0: planner_Montage_Merger__Engine_0_Scheduler_0: Trying to Create VM #6 in Datacenter_Montage
0.0: planner_Montage_Merger__Engine_0_Scheduler_0: Trying to Create VM #7 in Datacenter_Montage
0.0: planner_Montage_Merger__Engine_0_Scheduler_0: Trying to Create VM #8 in Datacenter_Montage
0.0: planner_Montage_Merger__Engine_0_Scheduler_0: Trying to Create VM #9 in Datacenter_Montage
0.0: planner_Montage_Merger__Engine_0_Scheduler_0: Trying to Create VM #10 in Datacenter_Montage
0.0: planner_Montage_Merger__Engine_0_Scheduler_0: Trying to Create VM #11 in Datacenter_Montage
0.0: planner_Montage_Merger__Engine_0_Scheduler_0: Trying to Create VM #12 in Datacenter_Montage
0.0: planner_Montage_Merger__Engine_0_Scheduler_0: Trying to Create VM #13 in Datacenter_Montage
0.0: planner_Montage_Merger__Engine_0_Scheduler_0: Trying to Create VM #14 in Datacenter_Montage
0.0: planner_Montage_Merger__Engine_0_Scheduler_0: Trying to Create VM #15 in Datacenter_Montage
0.0: planner_Montage_Merger__Engine_0_Scheduler_0: Trying to Create VM #16 in Datacenter_Montage
0.0: planner_Montage_Merger__Engine_0_Scheduler_0: Trying to Create VM #17 in Datacenter_Montage
0.0: planner_Montage_Merger__Engine_0_Scheduler_0: Trying to Create VM #18 in Datacenter_Montage
0.0: planner_Montage_Merger__Engine_0_Scheduler_0: Trying to Create VM #19 in Datacenter_Montage
0.1: planner_Montage_Merger__Engine_0_Scheduler_0: VM #0 has been created in Datacenter #2, Host #0
0.1: planner_Montage_Merger__Engine_0_Scheduler_0: VM #1 has been created in Datacenter #2, Host #0
0.1: planner_Montage_Merger__Engine_0_Scheduler_0: VM #2 has been created in Datacenter #2, Host #0
0.1: planner_Montage_Merger__Engine_0_Scheduler_0: VM #3 has been created in Datacenter #2, Host #0
0.1: planner_Montage_Merger__Engine_0_Scheduler_0: VM #4 has been created in Datacenter #2, Host #0
0.1: planner_Montage_Merger__Engine_0_Scheduler_0: VM #5 has been created in Datacenter #2, Host #0
0.1: planner_Montage_Merger__Engine_0_Scheduler_0: VM #6 has been created in Datacenter #2, Host #0
0.1: planner_Montage_Merger__Engine_0_Scheduler_0: VM #7 has been created in Datacenter #2, Host #0
0.1: planner_Montage_Merger__Engine_0_Scheduler_0: VM #8 has been created in Datacenter #2, Host #0
0.1: planner_Montage_Merger__Engine_0_Scheduler_0: VM #9 has been created in Datacenter #2, Host #0
0.1: planner_Montage_Merger__Engine_0_Scheduler_0: VM #10 has been created in Datacenter #2, Host #0
0.1: planner_Montage_Merger__Engine_0_Scheduler_0: VM #11 has been created in Datacenter #2, Host #0
0.1: planner_Montage_Merger__Engine_0_Scheduler_0: VM #12 has been created in Datacenter #2, Host #0
0.1: planner_Montage_Merger__Engine_0_Scheduler_0: VM #13 has been created in Datacenter #2, Host #0
0.1: planner_Montage_Merger__Engine_0_Scheduler_0: VM #14 has been created in Datacenter #2, Host #0
0.1: planner_Montage_Merger__Engine_0_Scheduler_0: VM #15 has been created in Datacenter #2, Host #0
0.1: planner_Montage_Merger__Engine_0_Scheduler_0: VM #16 has been created in Datacenter #2, Host #0
0.1: planner_Montage_Merger__Engine_0_Scheduler_0: VM #17 has been created in Datacenter #2, Host #0
0.1: planner_Montage_Merger__Engine_0_Scheduler_0: VM #18 has been created in Datacenter #2, Host #0
0.1: planner_Montage_Merger__Engine_0_Scheduler_0: VM #19 has been created in Datacenter #2, Host #0
812.0908333333333: planner_Montage_Merger__Engine_0_Scheduler_0: Destroying VM #0
812.0908333333333: planner_Montage_Merger__Engine_0_Scheduler_0: Destroying VM #1
812.0908333333333: planner_Montage_Merger__Engine_0_Scheduler_0: Destroying VM #2
812.0908333333333: planner_Montage_Merger__Engine_0_Scheduler_0: Destroying VM #3
812.0908333333333: planner_Montage_Merger__Engine_0_Scheduler_0: Destroying VM #4
812.0908333333333: planner_Montage_Merger__Engine_0_Scheduler_0: Destroying VM #5
812.0908333333333: planner_Montage_Merger__Engine_0_Scheduler_0: Destroying VM #6
812.0908333333333: planner_Montage_Merger__Engine_0_Scheduler_0: Destroying VM #7
812.0908333333333: planner_Montage_Merger__Engine_0_Scheduler_0: Destroying VM #8
812.0908333333333: planner_Montage_Merger__Engine_0_Scheduler_0: Destroying VM #9
812.0908333333333: planner_Montage_Merger__Engine_0_Scheduler_0: Destroying VM #10
812.0908333333333: planner_Montage_Merger__Engine_0_Scheduler_0: Destroying VM #11
812.0908333333333: planner_Montage_Merger__Engine_0_Scheduler_0: Destroying VM #12
812.0908333333333: planner_Montage_Merger__Engine_0_Scheduler_0: Destroying VM #13
812.0908333333333: planner_Montage_Merger__Engine_0_Scheduler_0: Destroying VM #14
812.0908333333333: planner_Montage_Merger__Engine_0_Scheduler_0: Destroying VM #15
812.0908333333333: planner_Montage_Merger__Engine_0_Scheduler_0: Destroying VM #16
812.0908333333333: planner_Montage_Merger__Engine_0_Scheduler_0: Destroying VM #17
812.0908333333333: planner_Montage_Merger__Engine_0_Scheduler_0: Destroying VM #18
812.0908333333333: planner_Montage_Merger__Engine_0_Scheduler_0: Destroying VM #19
planner_Montage_Merger__Engine_0_Scheduler_0 is shutting down...
Simulation: No more future events
CloudInformationService: Notify all CloudSim entities for shutting down.
Datacenter_Montage is shutting down...
planner_Montage is shutting down...
planner_Montage_Merger_ is shutting down...
planner_Montage_Merger__Engine_0 is shutting down...
planner_Montage_Merger__Engine_0_Scheduler_0 is shutting down...
Simulation completed.
Simulation completed.
[Montage] makespan=812.09  energy=2648137.45 W*s  jobs=1001

===== MOPWSDRL summary (100 tasks per workflow) =====
Workflow           Makespan  Energy(W*s)     Jobs
Montage              812.09   2648137.45     1001
CyberShake          4688.29  14243792.47     1001
Epigenomics       202998.20 727738968.40      998
LIGO                9747.91  38033286.30     1001
