Initialising...
Starting CloudSim version 3.0
Datacenter_Montage is starting...
Starting WorkflowSim 1.1.0
planner_Montage is starting...
planner_Montage_Merger_ is starting...
planner_Montage_Merger__Engine_0 is starting...
planner_Montage_Merger__Engine_0_Scheduler_0 is starting...
Entities started.
HEFT planner running with 1000 tasks.
0.0: planner_Montage_Merger__Engine_0_Scheduler_0: Cloud Resource List received with 1 resource(s)
0.0: planner_Montage_Merger__Engine_0_Scheduler_0: Trying to Create VM #0 in Datacenter_Montage
0.0: planner_Montage_Merger__Engine_0_Scheduler_0: Trying to Create VM #1 in Datacenter_Montage
0.0: planner_Montage_Merger__Engine_0_Scheduler_0: Trying to Create VM #2 in Datacenter_Montage
0.0: planner_Montage_Merger__Engine_0_Scheduler_0: Trying to Create VM #3 in Datacenter_Montage
0.0: planner_Montage_Merger__Engine_0_Scheduler_0: Trying to Create VM #4 in Datacenter_Montage
0.0: planner_Montage_Merger__Engine_0_Scheduler_0: Trying to Create VM #5 in Datacenter_Montage
0.0: planner_Montage_Merger__Engine_0_Scheduler_0: Trying to Create VM #6 in Datacenter_Montage
0.0: planner_Montage_Merger__Engine_0_Scheduler_0: Trying to Create VM #7 in Datacenter_Montage
0.0: planner_Montage_Merger__Engine_0_Scheduler_0: Trying to Create VM #8 in Datacenter_Montage
0.0: planner_Montage_Merger__Engine_0_Scheduler_0: Trying to Create VM #9 in Datacenter_Montage
0.0: planner_Montage_Merger__Engine_0_Scheduler_0: Trying to Create VM #10 in Datacenter_Montage
0.0: planner_Montage_Merger__Engine_0_Scheduler_0: Trying to Create VM #11 in Datacenter_Montage
0.0: planner_Montage_Merger__Engine_0_Scheduler_0: Trying to Create VM #12 in Datacenter_Montage
0.0: planner_Montage_Merger__Engine_0_Scheduler_0: Trying to Create VM #13 in Datacenter_Montage
0.0: planner_Montage_Merger__Engine_0_Scheduler_0: Trying to Create VM #14 in Datacenter_Montage
0.0: planner_Montage_Merger__Engine_0_Scheduler_0: Trying to Create VM #15 in Datacenter_Montage
0.0: planner_Montage_Merger__Engine_0_Scheduler_0: Trying to Create VM #16 in Datacenter_Montage
0.0: planner_Montage_Merger__Engine_0_Scheduler_0: Trying to Create VM #17 in Datacenter_Montage
0.0: planner_Montage_Merger__Engine_0_Scheduler_0: Trying to Create VM #18 in Datacenter_Montage
0.0: planner_Montage_Merger__Engine_0_Scheduler_0: Trying to Create VM #19 in Datacenter_Montage
0.1: planner_Montage_Merger__Engine_0_Scheduler_0: VM #0 has been created in Datacenter #2, Host #0
0.1: planner_Montage_Merger__Engine_0_Scheduler_0: VM #1 has been created in Datacenter #2, Host #0
0.1: planner_Montage_Merger__Engine_0_Scheduler_0: VM #2 has been created in Datacenter #2, Host #0
0.1: planner_Montage_Merger__Engine_0_Scheduler_0: VM #3 has been created in Datacenter #2, Host #0
0.1: planner_Montage_Merger__Engine_0_Scheduler_0: VM #4 has been created in Datacenter #2, Host #0
0.1: planner_Montage_Merger__Engine_0_Scheduler_0: VM #5 has been created in Datacenter #2, Host #0
0.1: planner_Montage_Merger__Engine_0_Scheduler_0: VM #6 has been created in Datacenter #2, Host #0
0.1: planner_Montage_Merger__Engine_0_Scheduler_0: VM #7 has been created in Datacenter #2, Host #0
0.1: planner_Montage_Merger__Engine_0_Scheduler_0: VM #8 has been created in Datacenter #2, Host #0
0.1: planner_Montage_Merger__Engine_0_Scheduler_0: VM #9 has been created in Datacenter #2, Host #0
0.1: planner_Montage_Merger__Engine_0_Scheduler_0: VM #10 has been created in Datacenter #2, Host #0
0.1: planner_Montage_Merger__Engine_0_Scheduler_0: VM #11 has been created in Datacenter #2, Host #0
0.1: planner_Montage_Merger__Engine_0_Scheduler_0: VM #12 has been created in Datacenter #2, Host #0
0.1: planner_Montage_Merger__Engine_0_Scheduler_0: VM #13 has been created in Datacenter #2, Host #0
0.1: planner_Montage_Merger__Engine_0_Scheduler_0: VM #14 has been created in Datacenter #2, Host #0
0.1: planner_Montage_Merger__Engine_0_Scheduler_0: VM #15 has been created in Datacenter #2, Host #0
0.1: planner_Montage_Merger__Engine_0_Scheduler_0: VM #16 has been created in Datacenter #2, Host #0
0.1: planner_Montage_Merger__Engine_0_Scheduler_0: VM #17 has been created in Datacenter #2, Host #0
0.1: planner_Montage_Merger__Engine_0_Scheduler_0: VM #18 has been created in Datacenter #2, Host #0
0.1: planner_Montage_Merger__Engine_0_Scheduler_0: VM #19 has been created in Datacenter #2, Host #0
Cloudlet 1000 is not matched.It is possible a stage-in job
Schedules 1000 with 110 to VM 0
Schedules 0 with 13410 to VM 4
Schedules 1 with 13180 to VM 2
Schedules 4 with 13920 to VM 14
Schedules 5 with 13520 to VM 19
Schedules 6 with 13230 to VM 18
Schedules 7 with 13170 to VM 6
Schedules 8 with 13650 to VM 9
Schedules 9 with 13780 to VM 15
Schedules 10 with 13190 to VM 17
Schedules 13 with 13370 to VM 1
Schedules 16 with 13480 to VM 3
Schedules 17 with 13490 to VM 10
Schedules 20 with 13780 to VM 0
Schedules 23 with 13480 to VM 5
Schedules 24 with 13810 to VM 16
Schedules 25 with 13830 to VM 11
Schedules 27 with 13410 to VM 12
Schedules 28 with 13440 to VM 7
Schedules 40 with 13220 to VM 13
Schedules 135 with 13330 to VM 8
Schedules 46 with 13950 to VM 7
Schedules 18 with 13520 to VM 3
Schedules 15 with 13460 to VM 19
Schedules 21 with 13550 to VM 15
Schedules 54 with 13470 to VM 11
Schedules 76 with 13620 to VM 6
Schedules 2 with 13420 to VM 2
Schedules 14 with 13680 to VM 18
Schedules 38 with 13880 to VM 10
Schedules 26 with 13370 to VM 14
Schedules 45 with 13480 to VM 17
Schedules 67 with 13170 to VM 13
Schedules 19 with 13760 to VM 1
Schedules 35 with 13730 to VM 5
Schedules 12 with 13710 to VM 9
Schedules 22 with 13920 to VM 19
Schedules 31 with 13600 to VM 3
Schedules 68 with 14160 to VM 11
Schedules 34 with 13670 to VM 15
Schedules 56 with 13180 to VM 7
Schedules 3 with 13690 to VM 2
Schedules 77 with 13840 to VM 6
Schedules 30 with 13310 to VM 18
Schedules 32 with 13460 to VM 14
Schedules 55 with 14120 to VM 10
Schedules 70 with 13610 to VM 7
Schedules 48 with 13810 to VM 3
Schedules 42 with 13570 to VM 19
Schedules 37 with 13250 to VM 15
Schedules 69 with 13850 to VM 11
Schedules 145 with 13780 to VM 8
Schedules 85 with 13810 to VM 13
Schedules 81 with 13760 to VM 4
Schedules 101 with 13680 to VM 12
Schedules 71 with 13840 to VM 17
Schedules 33 with 13760 to VM 18
Schedules 39 with 13640 to VM 1
Schedules 11 with 13630 to VM 2
Schedules 61 with 13450 to VM 5
Schedules 98 with 13360 to VM 0
Schedules 36 with 13530 to VM 16
Schedules 44 with 13490 to VM 9
Schedules 89 with 13710 to VM 6
Schedules 58 with 13590 to VM 14
Schedules 88 with 13790 to VM 7
Schedules 41 with 14080 to VM 15
Schedules 49 with 13140 to VM 3
Schedules 52 with 13690 to VM 19
Schedules 57 with 13460 to VM 10
Schedules 72 with 13920 to VM 11
Schedules 53 with 13580 to VM 3
Schedules 92 with 13560 to VM 7
Schedules 75 with 13640 to VM 19
Schedules 47 with 13690 to VM 15
Schedules 74 with 13500 to VM 11
Schedules 29 with 14030 to VM 2
Schedules 82 with 13830 to VM 18
Schedules 62 with 13140 to VM 14
Schedules 107 with 13480 to VM 6
Schedules 83 with 13180 to VM 10
Schedules 112 with 13740 to VM 13
Schedules 73 with 13760 to VM 17
Schedules 66 with 13610 to VM 5
Schedules 50 with 13080 to VM 1
Schedules 113 with 13360 to VM 9
Schedules 59 with 13760 to VM 3
Schedules 100 with 13690 to VM 7
Schedules 87 with 13220 to VM 19
Schedules 51 with 13730 to VM 15
Schedules 84 with 13550 to VM 11
Schedules 65 with 13680 to VM 14
Schedules 95 with 13560 to VM 18
Schedules 108 with 13560 to VM 6
Schedules 60 with 13640 to VM 2
Schedules 93 with 13290 to VM 10
Schedules 63 with 13750 to VM 3
Schedules 96 with 13490 to VM 19
Schedules 103 with 13740 to VM 7
Schedules 86 with 13270 to VM 15
Schedules 118 with 13300 to VM 11
Schedules 110 with 13630 to VM 12
Schedules 159 with 13590 to VM 8
Schedules 126 with 13610 to VM 0
Schedules 149 with 13480 to VM 4
Schedules 111 with 13950 to VM 1
Schedules 116 with 13820 to VM 13
Schedules 43 with 13420 to VM 16
Schedules 128 with 13160 to VM 9
Schedules 80 with 13140 to VM 17
Schedules 114 with 13310 to VM 5
Schedules 78 with 13800 to VM 14
Schedules 106 with 13700 to VM 10
Schedules 104 with 13500 to VM 18
Schedules 140 with 13580 to VM 6
Schedules 64 with 13520 to VM 2
Schedules 102 with 13720 to VM 19
Schedules 79 with 13050 to VM 3
Schedules 120 with 13530 to VM 7
Schedules 115 with 13760 to VM 15
Schedules 131 with 13490 to VM 11
Schedules 91 with 13750 to VM 3
Schedules 122 with 13340 to VM 19
Schedules 121 with 13200 to VM 7
Schedules 117 with 13380 to VM 15
Schedules 139 with 13530 to VM 11
Schedules 125 with 13480 to VM 14
Schedules 105 with 13870 to VM 18
Schedules 124 with 13650 to VM 10
Schedules 90 with 13370 to VM 2
Schedules 152 with 13830 to VM 6
Schedules 136 with 13460 to VM 9
Schedules 94 with 13660 to VM 17
Schedules 153 with 13970 to VM 5
Schedules 119 with 13510 to VM 13
Schedules 123 with 13310 to VM 1
Schedules 99 with 13460 to VM 3
Schedules 134 with 13800 to VM 19
Schedules 138 with 13500 to VM 7
Schedules 155 with 13460 to VM 15
Schedules 156 with 13550 to VM 11
Schedules 127 with 13750 to VM 14
Schedules 97 with 13810 to VM 2
Schedules 137 with 13590 to VM 10
Schedules 132 with 13680 to VM 18
Schedules 158 with 13820 to VM 6
Schedules 109 with 14230 to VM 3
Schedules 146 with 13520 to VM 7
Schedules 144 with 14000 to VM 19
Schedules 160 with 13590 to VM 15
Schedules 161 with 13420 to VM 11
Schedules 328 with 10480 to VM 4
Schedules 377 with 10780 to VM 8
Schedules 290 with 10430 to VM 12
Schedules 381 with 10430 to VM 0
Schedules 198 with 10430 to VM 16
Schedules 147 with 13860 to VM 9
Schedules 129 with 13470 to VM 17
Schedules 133 with 13520 to VM 1
Schedules 143 with 13350 to VM 13
Schedules 157 with 13090 to VM 5
Schedules 151 with 13640 to VM 14
Schedules 141 with 13460 to VM 2
Schedules 148 with 13430 to VM 10
Schedules 154 with 13450 to VM 18
Schedules 165 with 13270 to VM 6
Schedules 150 with 14220 to VM 7
Schedules 130 with 13510 to VM 3
Schedules 164 with 13620 to VM 15
Schedules 163 with 13440 to VM 19
Schedules 162 with 13730 to VM 11
Schedules 142 with 13180 to VM 3
Schedules 454 with 10600 to VM 19
Schedules 305 with 10700 to VM 15
Schedules 230 with 10480 to VM 7
Schedules 217 with 10660 to VM 11
Schedules 260 with 10620 to VM 10
Schedules 243 with 10420 to VM 14
Schedules 402 with 10660 to VM 2
Schedules 208 with 10640 to VM 18
Schedules 231 with 10490 to VM 6
Schedules 303 with 10640 to VM 17
Schedules 348 with 10640 to VM 1
Schedules 174 with 10620 to VM 5
Schedules 286 with 10690 to VM 13
Schedules 199 with 10590 to VM 9
Schedules 182 with 10740 to VM 19
Schedules 409 with 10800 to VM 7
Schedules 273 with 10590 to VM 15
Schedules 294 with 10590 to VM 11
Schedules 299 with 10600 to VM 3
Schedules 271 with 10510 to VM 14
Schedules 349 with 10600 to VM 10
Schedules 277 with 10670 to VM 2
Schedules 220 with 10650 to VM 6
Schedules 288 with 10620 to VM 18
Schedules 341 with 10440 to VM 4
Schedules 187 with 10720 to VM 12
Schedules 306 with 10550 to VM 0
Schedules 237 with 10630 to VM 16
Schedules 457 with 10600 to VM 8
Schedules 213 with 10710 to VM 19
Schedules 301 with 10540 to VM 15
Schedules 218 with 10540 to VM 7
Schedules 181 with 10770 to VM 11
Schedules 266 with 10640 to VM 3
Schedules 319 with 10590 to VM 17
Schedules 467 with 10670 to VM 1
Schedules 708 with 10600 to VM 5
Schedules 482 with 10570 to VM 9
Schedules 533 with 10610 to VM 13
Schedules 173 with 10760 to VM 14
Schedules 270 with 10710 to VM 10
Schedules 219 with 10620 to VM 2
Schedules 318 with 10360 to VM 6
Schedules 393 with 10760 to VM 18
Schedules 279 with 10510 to VM 3
Schedules 261 with 10480 to VM 15
Schedules 175 with 10550 to VM 7
Schedules 267 with 10500 to VM 19
Schedules 411 with 10580 to VM 11
Schedules 295 with 10660 to VM 3
Schedules 485 with 10890 to VM 15
Schedules 403 with 10660 to VM 7
Schedules 486 with 10810 to VM 6
Schedules 327 with 10720 to VM 19
Schedules 344 with 10820 to VM 14
Schedules 350 with 10430 to VM 10
Schedules 352 with 10570 to VM 2
Schedules 196 with 10670 to VM 11
Schedules 534 with 10520 to VM 18
Schedules 291 with 10700 to VM 17
Schedules 354 with 10580 to VM 9
Schedules 251 with 10560 to VM 5
Schedules 302 with 10590 to VM 1
Schedules 370 with 10580 to VM 13
Schedules 307 with 10470 to VM 3
Schedules 223 with 10600 to VM 7
Schedules 169 with 10570 to VM 15
Schedules 463 with 10530 to VM 19
Schedules 426 with 10740 to VM 11
Schedules 417 with 10410 to VM 10
Schedules 203 with 10550 to VM 2
Schedules 410 with 10670 to VM 6
Schedules 514 with 10710 to VM 14
Schedules 423 with 10720 to VM 4
Schedules 336 with 10570 to VM 18
Schedules 464 with 10630 to VM 0
Schedules 428 with 10720 to VM 16
Schedules 240 with 10510 to VM 12
Schedules 515 with 10540 to VM 8
Schedules 300 with 10540 to VM 3
Schedules 209 with 10460 to VM 7
Schedules 460 with 10550 to VM 15
Schedules 210 with 10550 to VM 19
Schedules 200 with 10720 to VM 11
Schedules 392 with 10380 to VM 9
Schedules 484 with 10570 to VM 5
Schedules 190 with 10380 to VM 17
Schedules 563 with 10710 to VM 1
Schedules 510 with 10670 to VM 13
Schedules 296 with 10510 to VM 10
Schedules 755 with 10690 to VM 2
Schedules 517 with 10550 to VM 6
Schedules 516 with 10620 to VM 14
Schedules 201 with 10550 to VM 18
Schedules 245 with 10620 to VM 3
Schedules 337 with 10610 to VM 7
Schedules 487 with 10470 to VM 15
Schedules 232 with 10470 to VM 19
Schedules 455 with 10610 to VM 11
Schedules 274 with 10530 to VM 10
Schedules 421 with 10520 to VM 2
Schedules 477 with 10600 to VM 14
Schedules 202 with 10740 to VM 6
Schedules 312 with 10360 to VM 18
Schedules 427 with 10700 to VM 7
Schedules 311 with 10640 to VM 3
Schedules 521 with 10660 to VM 9
Schedules 308 with 10760 to VM 17
Schedules 376 with 10630 to VM 15
Schedules 226 with 10380 to VM 5
Schedules 418 with 10580 to VM 19
Schedules 166 with 10600 to VM 13
Schedules 564 with 10460 to VM 1
Schedules 602 with 10480 to VM 11
Schedules 642 with 10660 to VM 4
Schedules 340 with 10660 to VM 0
Schedules 525 with 10580 to VM 12
Schedules 519 with 10580 to VM 16
Schedules 480 with 10420 to VM 7
Schedules 176 with 10510 to VM 8
Schedules 382 with 10440 to VM 3
Schedules 397 with 10620 to VM 15
Schedules 362 with 10510 to VM 19
Schedules 186 with 10560 to VM 11
Schedules 313 with 10590 to VM 10
Schedules 557 with 10590 to VM 2
Schedules 461 with 10680 to VM 18
Schedules 530 with 10600 to VM 14
Schedules 502 with 10590 to VM 6
Schedules 456 with 10690 to VM 5
Schedules 465 with 10620 to VM 9
Schedules 603 with 10560 to VM 17
Schedules 388 with 10730 to VM 1
Schedules 607 with 10490 to VM 13
Schedules 481 with 10590 to VM 7
Schedules 329 with 10560 to VM 3
Schedules 396 with 10480 to VM 15
Schedules 215 with 10810 to VM 19
Schedules 369 with 10460 to VM 11
Schedules 531 with 10690 to VM 10
Schedules 339 with 10550 to VM 2
Schedules 383 with 10620 to VM 18
Schedules 297 with 10410 to VM 14
Schedules 371 with 10660 to VM 6
Schedules 320 with 10720 to VM 7
Schedules 244 with 10580 to VM 3
Schedules 577 with 10510 to VM 15
Schedules 224 with 10680 to VM 19
Schedules 389 with 10510 to VM 11
Schedules 333 with 10550 to VM 9
Schedules 414 with 10550 to VM 5
Schedules 503 with 10680 to VM 10
Schedules 498 with 10620 to VM 17
Schedules 609 with 10520 to VM 13
Schedules 599 with 10640 to VM 2
Schedules 185 with 10470 to VM 14
Schedules 620 with 10620 to VM 1
Schedules 216 with 10600 to VM 18
Schedules 575 with 10710 to VM 6
Schedules 281 with 10740 to VM 7
Schedules 395 with 10520 to VM 3
Schedules 225 with 10600 to VM 15
Schedules 238 with 10520 to VM 19
Schedules 509 with 10430 to VM 11
Schedules 702 with 10560 to VM 4
Schedules 439 with 10680 to VM 12
Schedules 652 with 10720 to VM 0
Schedules 431 with 10680 to VM 16
Schedules 780 with 10630 to VM 8
Schedules 499 with 10520 to VM 7
Schedules 524 with 10520 to VM 10
Schedules 177 with 10600 to VM 3
Schedules 647 with 10560 to VM 14
Schedules 727 with 10510 to VM 2
Schedules 255 with 10730 to VM 18
Schedules 508 with 10800 to VM 15
Schedules 404 with 10400 to VM 6
Schedules 446 with 10710 to VM 11
Schedules 472 with 10670 to VM 19
Schedules 332 with 10500 to VM 9
Schedules 287 with 10540 to VM 5
Schedules 500 with 10420 to VM 17
Schedules 334 with 10460 to VM 13
Schedules 262 with 10420 to VM 1
Schedules 324 with 10590 to VM 7
Schedules 544 with 10600 to VM 3
Schedules 754 with 10580 to VM 15
Schedules 556 with 10440 to VM 11
Schedules 474 with 10520 to VM 19
Schedules 586 with 10590 to VM 10
Schedules 424 with 10640 to VM 14
Schedules 636 with 10600 to VM 2
Schedules 351 with 10610 to VM 18
Schedules 330 with 10510 to VM 6
Schedules 604 with 10490 to VM 7
Schedules 458 with 10550 to VM 3
Schedules 566 with 10500 to VM 15
Schedules 422 with 10530 to VM 11
Schedules 390 with 10600 to VM 19
Schedules 576 with 10750 to VM 9
Schedules 601 with 10590 to VM 5
Schedules 168 with 10680 to VM 17
Schedules 314 with 10760 to VM 13
Schedules 606 with 10540 to VM 1
Schedules 282 with 10530 to VM 10
Schedules 528 with 10650 to VM 2
Schedules 338 with 10630 to VM 14
Schedules 683 with 10400 to VM 18
Schedules 545 with 10690 to VM 6
Schedules 795 with 10680 to VM 4
Schedules 541 with 10550 to VM 12
Schedules 626 with 10580 to VM 0
Schedules 728 with 10720 to VM 8
Schedules 278 with 10510 to VM 16
Schedules 450 with 10530 to VM 7
Schedules 345 with 10530 to VM 3
Schedules 280 with 10750 to VM 15
Schedules 233 with 10680 to VM 11
Schedules 412 with 10590 to VM 19
Schedules 691 with 10560 to VM 10
Schedules 241 with 10560 to VM 2
Schedules 756 with 10530 to VM 14
Schedules 623 with 10650 to VM 18
Schedules 373 with 10530 to VM 6
Schedules 549 with 10620 to VM 7
Schedules 385 with 10540 to VM 3
Schedules 406 with 10560 to VM 15
Schedules 391 with 10540 to VM 11
Schedules 590 with 10640 to VM 19
Schedules 591 with 10500 to VM 5
Schedules 325 with 10560 to VM 9
Schedules 384 with 10600 to VM 17
Schedules 565 with 10650 to VM 1
Schedules 228 with 10560 to VM 13
Schedules 170 with 10610 to VM 7
Schedules 546 with 10570 to VM 3
Schedules 497 with 10460 to VM 15
Schedules 504 with 10610 to VM 10
Schedules 646 with 10600 to VM 11
Schedules 523 with 10590 to VM 19
Schedules 781 with 10680 to VM 2
Schedules 441 with 10680 to VM 14
Schedules 259 with 10690 to VM 18
Schedules 265 with 10590 to VM 6
Schedules 488 with 10680 to VM 7
Schedules 506 with 10630 to VM 3
Schedules 250 with 10590 to VM 5
Schedules 451 with 10670 to VM 9
Schedules 548 with 10590 to VM 17
Schedules 511 with 10570 to VM 13
Schedules 394 with 10620 to VM 1
Schedules 532 with 10500 to VM 15
Schedules 459 with 10670 to VM 11
Schedules 645 with 10600 to VM 19
Schedules 212 with 10370 to VM 10
Schedules 612 with 10600 to VM 4
Schedules 542 with 10780 to VM 12
Schedules 473 with 10580 to VM 2
Schedules 501 with 10600 to VM 16
Schedules 445 with 10590 to VM 14
Schedules 378 with 10510 to VM 0
Schedules 275 with 10450 to VM 18
Schedules 235 with 10520 to VM 6
Schedules 805 with 10660 to VM 8
Schedules 321 with 10570 to VM 7
Schedules 617 with 10450 to VM 3
Schedules 518 with 10520 to VM 15
Schedules 651 with 10630 to VM 11
Schedules 489 with 10690 to VM 19
Schedules 628 with 10650 to VM 10
Schedules 347 with 10470 to VM 2
Schedules 536 with 10570 to VM 14
Schedules 629 with 10630 to VM 18
Schedules 184 with 10700 to VM 6
Schedules 692 with 10530 to VM 5
Schedules 292 with 10530 to VM 9
Schedules 622 with 10670 to VM 17
Schedules 572 with 10640 to VM 13
Schedules 492 with 10580 to VM 1
Schedules 558 with 10750 to VM 3
Schedules 535 with 10550 to VM 7
Schedules 608 with 10600 to VM 15
Schedules 593 with 10590 to VM 11
Schedules 648 with 10630 to VM 19
Schedules 637 with 10540 to VM 10
Schedules 796 with 10530 to VM 2
Schedules 633 with 10550 to VM 14
Schedules 654 with 10460 to VM 18
Schedules 386 with 10520 to VM 7
Schedules 526 with 10580 to VM 3
Schedules 264 with 10610 to VM 6
Schedules 644 with 10540 to VM 15
Schedules 615 with 10700 to VM 11
Schedules 581 with 10660 to VM 19
Schedules 709 with 10750 to VM 5
Schedules 189 with 10610 to VM 9
Schedules 479 with 10480 to VM 13
Schedules 726 with 10520 to VM 17
Schedules 618 with 10570 to VM 1
Schedules 696 with 10510 to VM 4
Schedules 204 with 10780 to VM 0
Schedules 246 with 10780 to VM 16
Schedules 408 with 10600 to VM 12
Schedules 331 with 10480 to VM 8
Schedules 625 with 10640 to VM 7
Schedules 587 with 10710 to VM 3
Schedules 588 with 10400 to VM 15
Schedules 289 with 10640 to VM 11
Schedules 520 with 10640 to VM 19
Schedules 253 with 10770 to VM 10
Schedules 766 with 10830 to VM 2
Schedules 293 with 10620 to VM 18
Schedules 638 with 10540 to VM 14
Schedules 661 with 10420 to VM 6
Schedules 448 with 10500 to VM 7
Schedules 527 with 10670 to VM 3
Schedules 630 with 10580 to VM 15
Schedules 655 with 10610 to VM 11
Schedules 387 with 10770 to VM 19
Schedules 429 with 10480 to VM 10
Schedules 589 with 10470 to VM 5
Schedules 407 with 10450 to VM 9
Schedules 379 with 10530 to VM 13
Schedules 247 with 10620 to VM 14
Schedules 767 with 10570 to VM 2
Schedules 571 with 10650 to VM 17
Schedules 415 with 10710 to VM 18
Schedules 512 with 10470 to VM 1
Schedules 315 with 10760 to VM 6
Schedules 671 with 10400 to VM 7
Schedules 631 with 10480 to VM 3
Schedules 468 with 10590 to VM 15
Schedules 725 with 10620 to VM 11
Schedules 462 with 10430 to VM 19
Schedules 420 with 10640 to VM 10
Schedules 619 with 10590 to VM 2
Schedules 660 with 10520 to VM 14
Schedules 632 with 10560 to VM 18
Schedules 656 with 10540 to VM 6
Schedules 722 with 10580 to VM 7
Schedules 470 with 10750 to VM 3
Schedules 440 with 10740 to VM 15
Schedules 570 with 10570 to VM 11
Schedules 537 with 10440 to VM 19
Schedules 657 with 10420 to VM 5
Schedules 710 with 10520 to VM 9
Schedules 753 with 10610 to VM 4
Schedules 358 with 10500 to VM 13
Schedules 672 with 10380 to VM 1
Schedules 792 with 10540 to VM 17
Schedules 641 with 10680 to VM 0
Schedules 799 with 10480 to VM 12
Schedules 555 with 10580 to VM 8
Schedules 256 with 10610 to VM 16
Schedules 323 with 10590 to VM 7
Schedules 399 with 10660 to VM 10
Schedules 257 with 10690 to VM 3
Schedules 258 with 10630 to VM 15
Schedules 662 with 10490 to VM 14
Schedules 171 with 10450 to VM 2
Schedules 466 with 10550 to VM 18
Schedules 538 with 10570 to VM 6
Schedules 769 with 10500 to VM 11
Schedules 668 with 10670 to VM 19
Schedules 798 with 10640 to VM 7
Schedules 309 with 10500 to VM 3
Schedules 627 with 10550 to VM 15
Schedules 621 with 10460 to VM 5
Schedules 677 with 10570 to VM 11
Schedules 649 with 10490 to VM 9
Schedules 597 with 10580 to VM 19
Schedules 372 with 10550 to VM 13
Schedules 254 with 10690 to VM 1
Schedules 770 with 10510 to VM 17
Schedules 678 with 10600 to VM 10
Schedules 711 with 10610 to VM 2
Schedules 234 with 10690 to VM 14
Schedules 476 with 10590 to VM 18
Schedules 592 with 10630 to VM 6
Schedules 810 with 10710 to VM 7
Schedules 490 with 10680 to VM 3
Schedules 614 with 10660 to VM 15
Schedules 674 with 10500 to VM 11
Schedules 398 with 10610 to VM 19
Schedules 714 with 10820 to VM 10
Schedules 252 with 10490 to VM 2
Schedules 583 with 10820 to VM 18
Schedules 669 with 10730 to VM 14
Schedules 304 with 10470 to VM 6
Schedules 820 with 10630 to VM 4
Schedules 401 with 10660 to VM 12
Schedules 550 with 10670 to VM 5
Schedules 195 with 10560 to VM 8
Schedules 469 with 10480 to VM 0
Schedules 438 with 10540 to VM 16
Schedules 179 with 10640 to VM 9
Schedules 207 with 10620 to VM 13
Schedules 676 with 10540 to VM 7
Schedules 268 with 10560 to VM 1
Schedules 811 with 10570 to VM 17
Schedules 493 with 10590 to VM 3
Schedules 659 with 10610 to VM 15
Schedules 227 with 10520 to VM 11
Schedules 703 with 10620 to VM 19
Schedules 554 with 10490 to VM 10
Schedules 665 with 10730 to VM 2
Schedules 178 with 10450 to VM 14
Schedules 809 with 10700 to VM 18
Schedules 442 with 10600 to VM 6
Schedules 360 with 10570 to VM 7
Schedules 494 with 10660 to VM 3
Schedules 364 with 10430 to VM 15
Schedules 553 with 10600 to VM 11
Schedules 214 with 10660 to VM 19
Schedules 578 with 10640 to VM 5
Schedules 718 with 10620 to VM 9
Schedules 310 with 10640 to VM 13
Schedules 172 with 10750 to VM 1
Schedules 562 with 10740 to VM 17
Schedules 713 with 10560 to VM 7
Schedules 447 with 10670 to VM 3
Schedules 663 with 10670 to VM 15
Schedules 598 with 10470 to VM 11
Schedules 433 with 10500 to VM 10
Schedules 357 with 10550 to VM 19
Schedules 478 with 10750 to VM 2
Schedules 639 with 10500 to VM 14
Schedules 367 with 10580 to VM 6
Schedules 706 with 10590 to VM 18
Schedules 283 with 10600 to VM 7
Schedules 730 with 10720 to VM 3
Schedules 670 with 10450 to VM 15
Schedules 717 with 10530 to VM 11
Schedules 491 with 10570 to VM 19
Schedules 366 with 10780 to VM 4
Schedules 680 with 10610 to VM 0
Schedules 605 with 10630 to VM 12
Schedules 613 with 10680 to VM 8
Schedules 188 with 10750 to VM 10
Schedules 804 with 10480 to VM 16
Schedules 653 with 10590 to VM 14
Schedules 380 with 10500 to VM 2
Schedules 552 with 10570 to VM 6
Schedules 356 with 10500 to VM 18
Schedules 760 with 10620 to VM 5
Schedules 758 with 10420 to VM 9
Schedules 443 with 10730 to VM 13
Schedules 495 with 10490 to VM 1
Schedules 568 with 10710 to VM 17
Schedules 666 with 10620 to VM 7
Schedules 721 with 10530 to VM 15
Schedules 595 with 10620 to VM 3
Schedules 547 with 10680 to VM 11
Schedules 784 with 10540 to VM 19
Schedules 559 with 10620 to VM 10
Schedules 496 with 10540 to VM 2
Schedules 673 with 10360 to VM 14
Schedules 561 with 10500 to VM 6
Schedules 712 with 10540 to VM 18
Schedules 650 with 10690 to VM 7
Schedules 704 with 10530 to VM 15
Schedules 596 with 10500 to VM 3
Schedules 750 with 10560 to VM 11
Schedules 697 with 10480 to VM 19
Schedules 567 with 10710 to VM 9
Schedules 211 with 10730 to VM 5
Schedules 634 with 10600 to VM 1
Schedules 757 with 10380 to VM 13
Schedules 807 with 10480 to VM 17
Schedules 695 with 10670 to VM 10
Schedules 551 with 10700 to VM 14
Schedules 540 with 10570 to VM 7
Schedules 560 with 10410 to VM 2
Schedules 206 with 10640 to VM 6
Schedules 705 with 10620 to VM 15
Schedules 365 with 10510 to VM 18
Schedules 723 with 10530 to VM 3
Schedules 751 with 10660 to VM 11
Schedules 806 with 10750 to VM 19
Schedules 529 with 10580 to VM 4
Schedules 539 with 10660 to VM 16
Schedules 814 with 10600 to VM 0
Schedules 643 with 10610 to VM 12
Schedules 353 with 10610 to VM 8
Schedules 785 with 10300 to VM 7
Schedules 791 with 10680 to VM 15
Schedules 416 with 10640 to VM 3
Schedules 688 with 10510 to VM 11
Schedules 808 with 10420 to VM 19
Schedules 248 with 10620 to VM 2
Schedules 239 with 10580 to VM 10
Schedules 430 with 10730 to VM 9
Schedules 611 with 10640 to VM 5
Schedules 783 with 10650 to VM 14
Schedules 699 with 10590 to VM 13
Schedules 759 with 10550 to VM 1
Schedules 761 with 10580 to VM 18
Schedules 815 with 10530 to VM 6
Schedules 298 with 10460 to VM 17
Schedules 681 with 10670 to VM 7
Schedules 768 with 10690 to VM 15
Schedules 797 with 10420 to VM 3
Schedules 689 with 10540 to VM 11
Schedules 573 with 10560 to VM 19
Schedules 610 with 10570 to VM 10
Schedules 582 with 10370 to VM 2
Schedules 419 with 10480 to VM 14
Schedules 776 with 10620 to VM 6
Schedules 285 with 10420 to VM 18
Schedules 272 with 10440 to VM 7
Schedules 359 with 10470 to VM 3
Schedules 183 with 10520 to VM 15
Schedules 355 with 10550 to VM 11
Schedules 579 with 10660 to VM 5
Schedules 773 with 10540 to VM 13
Schedules 772 with 10470 to VM 9
Schedules 640 with 10610 to VM 1
Schedules 720 with 10560 to VM 19
Schedules 284 with 10620 to VM 17
Schedules 698 with 10770 to VM 2
Schedules 812 with 10620 to VM 10
Schedules 679 with 10580 to VM 14
Schedules 687 with 10480 to VM 18
Schedules 762 with 10450 to VM 6
Schedules 221 with 10850 to VM 7
Schedules 191 with 10610 to VM 3
Schedules 471 with 10620 to VM 15
Schedules 823 with 10620 to VM 11
Schedules 682 with 10400 to VM 19
Schedules 167 with 10540 to VM 4
Schedules 816 with 10530 to VM 0
Schedules 675 with 10550 to VM 16
Schedules 436 with 10540 to VM 12
Schedules 322 with 10440 to VM 8
Schedules 229 with 10420 to VM 13
Schedules 249 with 10640 to VM 9
Schedules 434 with 10520 to VM 5
Schedules 824 with 10500 to VM 1
Schedules 693 with 10630 to VM 7
Schedules 685 with 10500 to VM 17
Schedules 192 with 10490 to VM 3
Schedules 684 with 10710 to VM 15
Schedules 453 with 10550 to VM 10
Schedules 413 with 10700 to VM 11
Schedules 522 with 10620 to VM 14
Schedules 375 with 10480 to VM 2
Schedules 317 with 10490 to VM 18
Schedules 483 with 10620 to VM 19
Schedules 342 with 10620 to VM 6
Schedules 452 with 10470 to VM 7
Schedules 707 with 10730 to VM 3
Schedules 574 with 10570 to VM 15
Schedules 715 with 10400 to VM 11
Schedules 222 with 10530 to VM 19
Schedules 817 with 10550 to VM 10
Schedules 437 with 10600 to VM 2
Schedules 719 with 10610 to VM 14
Schedules 777 with 10660 to VM 18
Schedules 449 with 10480 to VM 6
Schedules 701 with 10610 to VM 17
Schedules 790 with 10620 to VM 13
Schedules 635 with 10610 to VM 5
Schedules 361 with 10540 to VM 9
Schedules 193 with 10520 to VM 1
Schedules 263 with 10700 to VM 7
Schedules 694 with 10800 to VM 3
Schedules 729 with 10660 to VM 15
Schedules 779 with 10480 to VM 11
Schedules 507 with 10610 to VM 19
Schedules 569 with 10570 to VM 10
Schedules 180 with 10700 to VM 2
Schedules 813 with 10750 to VM 14
Schedules 735 with 10600 to VM 6
Schedules 585 with 10600 to VM 18
Schedules 752 with 10770 to VM 7
Schedules 276 with 10410 to VM 3
Schedules 194 with 10640 to VM 15
Schedules 600 with 10410 to VM 11
Schedules 736 with 10700 to VM 19
Schedules 667 with 10550 to VM 17
Schedules 335 with 10670 to VM 13
Schedules 825 with 10600 to VM 9
Schedules 584 with 10670 to VM 1
Schedules 346 with 10710 to VM 5
Schedules 716 with 10470 to VM 10
Schedules 821 with 10530 to VM 2
Schedules 822 with 10570 to VM 14
Schedules 787 with 10530 to VM 18
Schedules 826 with 10560 to VM 6
Schedules 326 with 10750 to VM 7
Schedules 786 with 10560 to VM 3
Schedules 316 with 10640 to VM 11
Schedules 731 with 10670 to VM 15
Schedules 778 with 10350 to VM 19
Schedules 197 with 10530 to VM 7
Schedules 405 with 10590 to VM 3
Schedules 543 with 10620 to VM 11
Schedules 432 with 10360 to VM 15
Schedules 236 with 10900 to VM 19
Schedules 749 with 10640 to VM 10
Schedules 737 with 10710 to VM 2
Schedules 205 with 10570 to VM 18
Schedules 819 with 10670 to VM 14
Schedules 475 with 10730 to VM 6
Schedules 782 with 10530 to VM 17
Schedules 746 with 10710 to VM 13
Schedules 742 with 10690 to VM 9
Schedules 594 with 10530 to VM 1
Schedules 686 with 10490 to VM 5
Schedules 513 with 10660 to VM 7
Schedules 774 with 10570 to VM 3
Schedules 580 with 10710 to VM 15
Schedules 658 with 10600 to VM 11
Schedules 343 with 10720 to VM 19
Schedules 803 with 10730 to VM 10
Schedules 748 with 10640 to VM 2
Schedules 802 with 10740 to VM 18
Schedules 724 with 10550 to VM 14
Schedules 444 with 10680 to VM 6
Schedules 734 with 10670 to VM 7
Schedules 775 with 10700 to VM 3
Schedules 747 with 10840 to VM 11
Schedules 732 with 10770 to VM 15
Schedules 368 with 10620 to VM 19
Schedules 624 with 10700 to VM 10
Schedules 800 with 10430 to VM 2
Schedules 788 with 10530 to VM 14
Schedules 374 with 10670 to VM 18
Schedules 700 with 10550 to VM 6
Schedules 400 with 10500 to VM 7
Schedules 505 with 10620 to VM 3
Schedules 690 with 10750 to VM 11
Schedules 733 with 10640 to VM 15
Schedules 765 with 10500 to VM 19
Schedules 794 with 10510 to VM 7
Schedules 269 with 10620 to VM 2
Schedules 740 with 10450 to VM 10
Schedules 771 with 10660 to VM 14
Schedules 818 with 10370 to VM 3
Schedules 743 with 10530 to VM 18
Schedules 739 with 10620 to VM 6
Schedules 741 with 10800 to VM 11
Schedules 363 with 10410 to VM 15
Schedules 789 with 10460 to VM 19
Schedules 242 with 10620 to VM 7
Schedules 616 with 10550 to VM 3
Schedules 827 with 10610 to VM 15
Schedules 425 with 10630 to VM 19
Schedules 744 with 10590 to VM 11
Schedules 435 with 10430 to VM 7
Schedules 745 with 10610 to VM 3
Schedules 764 with 10730 to VM 15
Schedules 763 with 10490 to VM 19
Schedules 793 with 10550 to VM 11
Schedules 738 with 10610 to VM 7
Schedules 801 with 10600 to VM 15
Schedules 664 with 10550 to VM 19
Schedules 828 with 52960 to VM 15
Schedules 829 with 89120 to VM 15
Schedules 830 with 10530 to VM 11
Schedules 831 with 10590 to VM 4
Schedules 832 with 10530 to VM 3
Schedules 833 with 10580 to VM 12
Schedules 834 with 10770 to VM 2
Schedules 835 with 10710 to VM 6
Schedules 836 with 10470 to VM 14
Schedules 838 with 10560 to VM 1
Schedules 839 with 10730 to VM 5
Schedules 841 with 10800 to VM 9
Schedules 842 with 10510 to VM 19
Schedules 843 with 10670 to VM 13
Schedules 844 with 10840 to VM 7
Schedules 855 with 10970 to VM 17
Schedules 862 with 10450 to VM 18
Schedules 863 with 10730 to VM 16
Schedules 865 with 10520 to VM 15
Schedules 872 with 10450 to VM 10
Schedules 908 with 10590 to VM 8
Schedules 921 with 10900 to VM 0
Schedules 852 with 10900 to VM 19
Schedules 845 with 10790 to VM 11
Schedules 860 with 10800 to VM 3
Schedules 893 with 10600 to VM 15
Schedules 846 with 11120 to VM 7
Schedules 866 with 10720 to VM 18
Schedules 878 with 10720 to VM 10
Schedules 837 with 10670 to VM 14
Schedules 847 with 10460 to VM 6
Schedules 840 with 10860 to VM 2
Schedules 856 with 10870 to VM 1
Schedules 850 with 10880 to VM 13
Schedules 895 with 10970 to VM 5
Schedules 849 with 10560 to VM 9
Schedules 871 with 10570 to VM 17
Schedules 907 with 10690 to VM 15
Schedules 864 with 10830 to VM 19
Schedules 886 with 10760 to VM 11
Schedules 873 with 10630 to VM 3
Schedules 848 with 10610 to VM 7
Schedules 869 with 10790 to VM 14
Schedules 859 with 10820 to VM 6
Schedules 928 with 10860 to VM 10
Schedules 868 with 10620 to VM 18
Schedules 854 with 10470 to VM 2
Schedules 915 with 11210 to VM 15
Schedules 877 with 10690 to VM 3
Schedules 882 with 10540 to VM 19
Schedules 898 with 10610 to VM 11
Schedules 853 with 10800 to VM 7
Schedules 920 with 10740 to VM 12
Schedules 938 with 10740 to VM 8
Schedules 944 with 10740 to VM 4
Schedules 904 with 10600 to VM 16
Schedules 966 with 10730 to VM 0
Schedules 851 with 10410 to VM 9
Schedules 876 with 10730 to VM 1
Schedules 889 with 10290 to VM 17
Schedules 857 with 10370 to VM 13
Schedules 910 with 10670 to VM 5
Schedules 892 with 10870 to VM 18
Schedules 874 with 10980 to VM 14
Schedules 887 with 10680 to VM 6
Schedules 940 with 10820 to VM 10
Schedules 858 with 10550 to VM 2
Schedules 885 with 11050 to VM 19
Schedules 884 with 10900 to VM 3
Schedules 899 with 11120 to VM 11
Schedules 919 with 10630 to VM 15
Schedules 870 with 10900 to VM 7
Schedules 894 with 11120 to VM 3
Schedules 953 with 10480 to VM 15
Schedules 888 with 10620 to VM 19
Schedules 900 with 10940 to VM 11
Schedules 881 with 10760 to VM 7
Schedules 891 with 10550 to VM 6
Schedules 880 with 10710 to VM 2
Schedules 897 with 10930 to VM 18
Schedules 943 with 10620 to VM 10
Schedules 875 with 10720 to VM 14
Schedules 933 with 10730 to VM 9
Schedules 913 with 10670 to VM 17
Schedules 861 with 10570 to VM 13
Schedules 879 with 10670 to VM 1
Schedules 923 with 10800 to VM 5
Schedules 958 with 10790 to VM 15
Schedules 903 with 10710 to VM 19
Schedules 925 with 10760 to VM 3
Schedules 883 with 10700 to VM 7
Schedules 909 with 10900 to VM 11
Schedules 901 with 10620 to VM 6
Schedules 916 with 10680 to VM 2
Schedules 952 with 11000 to VM 10
Schedules 890 with 10630 to VM 14
Schedules 902 with 10560 to VM 18
Schedules 959 with 10840 to VM 15
Schedules 905 with 10800 to VM 19
Schedules 931 with 10840 to VM 3
Schedules 924 with 10830 to VM 7
Schedules 922 with 10640 to VM 11
Schedules 985 with 10890 to VM 12
Schedules 965 with 10890 to VM 8
Schedules 988 with 10890 to VM 16
Schedules 984 with 10890 to VM 4
Schedules 974 with 10590 to VM 0
Schedules 867 with 10970 to VM 13
Schedules 936 with 10800 to VM 17
Schedules 942 with 10890 to VM 9
Schedules 911 with 10810 to VM 1
Schedules 926 with 10890 to VM 5
Schedules 917 with 10920 to VM 6
Schedules 948 with 10620 to VM 2
Schedules 912 with 10980 to VM 18
Schedules 896 with 10930 to VM 14
Schedules 956 with 10920 to VM 10
Schedules 963 with 10900 to VM 15
Schedules 929 with 10660 to VM 19
Schedules 935 with 10950 to VM 3
Schedules 932 with 10950 to VM 7
Schedules 941 with 10690 to VM 11
Schedules 934 with 10760 to VM 19
Schedules 969 with 10930 to VM 15
Schedules 946 with 10480 to VM 11
Schedules 955 with 11050 to VM 2
Schedules 954 with 10610 to VM 3
Schedules 927 with 11030 to VM 6
Schedules 962 with 10520 to VM 7
Schedules 937 with 10690 to VM 18
Schedules 906 with 10870 to VM 14
Schedules 961 with 10790 to VM 10
Schedules 951 with 10730 to VM 17
Schedules 973 with 10970 to VM 9
Schedules 918 with 10730 to VM 13
Schedules 914 with 10430 to VM 1
Schedules 975 with 10420 to VM 5
Schedules 950 with 10690 to VM 19
Schedules 980 with 10820 to VM 15
Schedules 949 with 10850 to VM 11
Schedules 964 with 10650 to VM 7
Schedules 983 with 10830 to VM 3
Schedules 968 with 10900 to VM 2
Schedules 930 with 10860 to VM 6
Schedules 939 with 10770 to VM 18
Schedules 977 with 10560 to VM 10
Schedules 976 with 10820 to VM 14
Schedules 970 with 10850 to VM 19
Schedules 990 with 10750 to VM 15
Schedules 982 with 10490 to VM 7
Schedules 957 with 10710 to VM 11
Schedules 987 with 10500 to VM 3
Schedules 967 with 10880 to VM 17
Schedules 947 with 10980 to VM 1
Schedules 945 with 10800 to VM 13
Schedules 989 with 10670 to VM 9
Schedules 995 with 10560 to VM 5
Schedules 979 with 10820 to VM 2
Schedules 960 with 10770 to VM 6
Schedules 978 with 10820 to VM 18
Schedules 981 with 10680 to VM 10
Schedules 991 with 10540 to VM 14
Schedules 986 with 10960 to VM 19
Schedules 994 with 10690 to VM 7
Schedules 992 with 10700 to VM 15
Schedules 993 with 10710 to VM 3
Schedules 971 with 10830 to VM 11
Schedules 972 with 10230 to VM 11
Schedules 996 with 65910 to VM 3
Schedules 997 with 99530 to VM 3
Schedules 998 with 22250 to VM 3
Schedules 999 with 2520 to VM 3
821.4666666666666: planner_Montage_Merger__Engine_0_Scheduler_0: Destroying VM #0
821.4666666666666: planner_Montage_Merger__Engine_0_Scheduler_0: Destroying VM #1
821.4666666666666: planner_Montage_Merger__Engine_0_Scheduler_0: Destroying VM #2
821.4666666666666: planner_Montage_Merger__Engine_0_Scheduler_0: Destroying VM #3
821.4666666666666: planner_Montage_Merger__Engine_0_Scheduler_0: Destroying VM #4
821.4666666666666: planner_Montage_Merger__Engine_0_Scheduler_0: Destroying VM #5
821.4666666666666: planner_Montage_Merger__Engine_0_Scheduler_0: Destroying VM #6
821.4666666666666: planner_Montage_Merger__Engine_0_Scheduler_0: Destroying VM #7
821.4666666666666: planner_Montage_Merger__Engine_0_Scheduler_0: Destroying VM #8
821.4666666666666: planner_Montage_Merger__Engine_0_Scheduler_0: Destroying VM #9
821.4666666666666: planner_Montage_Merger__Engine_0_Scheduler_0: Destroying VM #10
821.4666666666666: planner_Montage_Merger__Engine_0_Scheduler_0: Destroying VM #11
821.4666666666666: planner_Montage_Merger__Engine_0_Scheduler_0: Destroying VM #12
821.4666666666666: planner_Montage_Merger__Engine_0_Scheduler_0: Destroying VM #13
821.4666666666666: planner_Montage_Merger__Engine_0_Scheduler_0: Destroying VM #14
821.4666666666666: planner_Montage_Merger__Engine_0_Scheduler_0: Destroying VM #15
821.4666666666666: planner_Montage_Merger__Engine_0_Scheduler_0: Destroying VM #16
821.4666666666666: planner_Montage_Merger__Engine_0_Scheduler_0: Destroying VM #17
821.4666666666666: planner_Montage_Merger__Engine_0_Scheduler_0: Destroying VM #18
821.4666666666666: planner_Montage_Merger__Engine_0_Scheduler_0: Destroying VM #19
planner_Montage_Merger__Engine_0_Scheduler_0 is shutting down...
Simulation: No more future events
CloudInformationService: Notify all CloudSim entities for shutting down.
Datacenter_Montage is shutting down...
planner_Montage is shutting down...
planner_Montage_Merger_ is shutting down...
planner_Montage_Merger__Engine_0 is shutting down...
planner_Montage_Merger__Engine_0_Scheduler_0 is shutting down...
Simulation completed.
Simulation completed.
[Montage] makespan=821.47  energy=2637683.38 W*s  jobs=1001
[CyberShake] makespan=5183.62  energy=15025635.65 W*s  jobs=1001
[Epigenomics] makespan=857789.41  energy=2083387052.38 W*s  jobs=998
[LIGO] makespan=45436.40  energy=111469924.95 W*s  jobs=1001

===== HEFT summary (100 tasks per workflow) =====
Workflow           Makespan  Energy(W*s)     Jobs
Montage              821.47   2637683.38     1001
CyberShake          5183.62  15025635.65     1001
Epigenomics       857789.41 2083387052.38      998
LIGO               45436.40 111469924.95     1001
