Initialising...
Starting CloudSim version 3.0
Datacenter_Montage is starting...
Starting WorkflowSim 1.1.0
planner_Montage is starting...
planner_Montage_Merger_ is starting...
planner_Montage_Merger__Engine_0 is starting...
planner_Montage_Merger__Engine_0_Scheduler_0 is starting...
Entities started.
0.0: planner_Montage_Merger__Engine_0_Scheduler_0: Cloud Resource List received with 1 resource(s)
0.0: planner_Montage_Merger__Engine_0_Scheduler_0: Trying to Create VM #0 in Datacenter_Montage
0.0: planner_Montage_Merger__Engine_0_Scheduler_0: Trying to Create VM #1 in Datacenter_Montage
0.0: planner_Montage_Merger__Engine_0_Scheduler_0: Trying to Create VM #2 in Datacenter_Montage
0.0: planner_Montage_Merger__Engine_0_Scheduler_0: Trying to Create VM #3 in Datacenter_Montage
0.0: planner_Montage_Merger__Engine_0_Scheduler_0: Trying to Create VM #4 in Datacenter_Montage
0.0: planner_Montage_Merger__Engine_0_Scheduler_0: Trying to Create VM #5 in Datacenter_Montage
0.0: planner_Montage_Merger__Engine_0_Scheduler_0: Trying to Create VM #6 in Datacenter_Montage
0.0: planner_Montage_Merger__Engine_0_Scheduler_0: Trying to Create VM #7 in Datacenter_Montage
0.0: planner_Montage_Merger__Engine_0_Scheduler_0: Trying to Create VM #8 in Datacenter_Montage
0.0: planner_Montage_Merger__Engine_0_Scheduler_0: Trying to Create VM #9 in Datacenter_Montage
0.0: planner_Montage_Merger__Engine_0_Scheduler_0: Trying to Create VM #10 in Datacenter_Montage
0.0: planner_Montage_Merger__Engine_0_Scheduler_0: Trying to Create VM #11 in Datacenter_Montage
0.0: planner_Montage_Merger__Engine_0_Scheduler_0: Trying to Create VM #12 in Datacenter_Montage
0.0: planner_Montage_Merger__Engine_0_Scheduler_0: Trying to Create VM #13 in Datacenter_Montage
0.0: planner_Montage_Merger__Engine_0_Scheduler_0: Trying to Create VM #14 in Datacenter_Montage
0.0: planner_Montage_Merger__Engine_0_Scheduler_0: Trying to Create VM #15 in Datacenter_Montage
0.0: planner_Montage_Merger__Engine_0_Scheduler_0: Trying to Create VM #16 in Datacenter_Montage
0.0: planner_Montage_Merger__Engine_0_Scheduler_0: Trying to Create VM #17 in Datacenter_Montage
0.0: planner_Montage_Merger__Engine_0_Scheduler_0: Trying to Create VM #18 in Datacenter_Montage
0.0: planner_Montage_Merger__Engine_0_Scheduler_0: Trying to Create VM #19 in Datacenter_Montage
0.1: planner_Montage_Merger__Engine_0_Scheduler_0: VM #0 has been created in Datacenter #2, Host #0
0.1: planner_Montage_Merger__Engine_0_Scheduler_0: VM #1 has been created in Datacenter #2, Host #0
0.1: planner_Montage_Merger__Engine_0_Scheduler_0: VM #2 has been created in Datacenter #2, Host #0
0.1: planner_Montage_Merger__Engine_0_Scheduler_0: VM #3 has been created in Datacenter #2, Host #0
0.1: planner_Montage_Merger__Engine_0_Scheduler_0: VM #4 has been created in Datacenter #2, Host #0
0.1: planner_Montage_Merger__Engine_0_Scheduler_0: VM #5 has been created in Datacenter #2, Host #0
0.1: planner_Montage_Merger__Engine_0_Scheduler_0: VM #6 has been created in Datacenter #2, Host #0
0.1: planner_Montage_Merger__Engine_0_Scheduler_0: VM #7 has been created in Datacenter #2, Host #0
0.1: planner_Montage_Merger__Engine_0_Scheduler_0: VM #8 has been created in Datacenter #2, Host #0
0.1: planner_Montage_Merger__Engine_0_Scheduler_0: VM #9 has been created in Datacenter #2, Host #0
0.1: planner_Montage_Merger__Engine_0_Scheduler_0: VM #10 has been created in Datacenter #2, Host #0
0.1: planner_Montage_Merger__Engine_0_Scheduler_0: VM #11 has been created in Datacenter #2, Host #0
0.1: planner_Montage_Merger__Engine_0_Scheduler_0: VM #12 has been created in Datacenter #2, Host #0
0.1: planner_Montage_Merger__Engine_0_Scheduler_0: VM #13 has been created in Datacenter #2, Host #0
0.1: planner_Montage_Merger__Engine_0_Scheduler_0: VM #14 has been created in Datacenter #2, Host #0
0.1: planner_Montage_Merger__Engine_0_Scheduler_0: VM #15 has been created in Datacenter #2, Host #0
0.1: planner_Montage_Merger__Engine_0_Scheduler_0: VM #16 has been created in Datacenter #2, Host #0
0.1: planner_Montage_Merger__Engine_0_Scheduler_0: VM #17 has been created in Datacenter #2, Host #0
0.1: planner_Montage_Merger__Engine_0_Scheduler_0: VM #18 has been created in Datacenter #2, Host #0
0.1: planner_Montage_Merger__Engine_0_Scheduler_0: VM #19 has been created in Datacenter #2, Host #0
1311.2359999999996: planner_Montage_Merger__Engine_0_Scheduler_0: Destroying VM #0
1311.2359999999996: planner_Montage_Merger__Engine_0_Scheduler_0: Destroying VM #1
1311.2359999999996: planner_Montage_Merger__Engine_0_Scheduler_0: Destroying VM #2
1311.2359999999996: planner_Montage_Merger__Engine_0_Scheduler_0: Destroying VM #3
1311.2359999999996: planner_Montage_Merger__Engine_0_Scheduler_0: Destroying VM #4
1311.2359999999996: planner_Montage_Merger__Engine_0_Scheduler_0: Destroying VM #5
1311.2359999999996: planner_Montage_Merger__Engine_0_Scheduler_0: Destroying VM #6
1311.2359999999996: planner_Montage_Merger__Engine_0_Scheduler_0: Destroying VM #7
1311.2359999999996: planner_Montage_Merger__Engine_0_Scheduler_0: Destroying VM #8
1311.2359999999996: planner_Montage_Merger__Engine_0_Scheduler_0: Destroying VM #9
1311.2359999999996: planner_Montage_Merger__Engine_0_Scheduler_0: Destroying VM #10
1311.2359999999996: planner_Montage_Merger__Engine_0_Scheduler_0: Destroying VM #11
1311.2359999999996: planner_Montage_Merger__Engine_0_Scheduler_0: Destroying VM #12
1311.2359999999996: planner_Montage_Merger__Engine_0_Scheduler_0: Destroying VM #13
1311.2359999999996: planner_Montage_Merger__Engine_0_Scheduler_0: Destroying VM #14
1311.2359999999996: planner_Montage_Merger__Engine_0_Scheduler_0: Destroying VM #15
1311.2359999999996: planner_Montage_Merger__Engine_0_Scheduler_0: Destroying VM #16
1311.2359999999996: planner_Montage_Merger__Engine_0_Scheduler_0: Destroying VM #17
1311.2359999999996: planner_Montage_Merger__Engine_0_Scheduler_0: Destroying VM #18
1311.2359999999996: planner_Montage_Merger__Engine_0_Scheduler_0: Destroying VM #19
planner_Montage_Merger__Engine_0_Scheduler_0 is shutting down...
Simulation: No more future events
CloudInformationService: Notify all CloudSim entities for shutting down.
Datacenter_Montage is shutting down...
planner_Montage is shutting down...
planner_Montage_Merger_ is shutting down...
planner_Montage_Merger__Engine_0 is shutting down...
planner_Montage_Merger__Engine_0_Scheduler_0 is shutting down...
Simulation completed.
Simulation completed.
[Montage] makespan=1311.24  energy=3696248.73 W*s  jobs=1001
[CyberShake] makespan=4691.57  energy=14265137.58 W*s  jobs=1001
[Epigenomics] makespan=174075.47  energy=669279230.28 W*s  jobs=998
[LIGO] makespan=9869.99  energy=38337726.95 W*s  jobs=1001

===== Rainbow-lite DQN summary (1000-task workflows) =====
Workflow           Makespan  Energy(W*s)     Jobs
Montage             1311.24   3696248.73     1001
CyberShake          4691.57  14265137.58     1001
Epigenomics       174075.47 669279230.28      998
LIGO                9869.99  38337726.95     1001
